<?xml version="1.0" encoding="UTF-8"?>
<testsuite name="MainTest" tests="2" skipped="0" failures="0" errors="0" timestamp="2022-05-08T21:39:47" hostname="DESKTOP-458TKA4" time="0.065">
  <properties/>
  <testcase name="checkIfIsVowel()" classname="MainTest" time="0.061"/>
  <testcase name="checkIfIsNotVowel()" classname="MainTest" time="0.002"/>
  <system-out><![CDATA[]]></system-out>
  <system-err><![CDATA[]]></system-err>
</testsuite>
